0 info it worked if it ends with ok
1 verbose cli [ '/usr/bin/nodejs', '/usr/bin/npm', 'i' ]
2 info using npm@1.4.21
3 info using node@v0.10.29
4 warn package.json motion_socket@0.1.0 No repository field.
5 verbose readDependencies using package.json deps
6 verbose install where, deps [ '/home/pi/Public/www/WireSense',
6 verbose install   [ 'babel-core',
6 verbose install     'babel-loader',
6 verbose install     'babel-polyfill',
6 verbose install     'babel-preset-es2015',
6 verbose install     'babel-preset-react',
6 verbose install     'chalk',
6 verbose install     'css-loader',
6 verbose install     'express',
6 verbose install     'express-device',
6 verbose install     'get-port',
6 verbose install     'google-auth-library',
6 verbose install     'googleapis',
6 verbose install     'grommet',
6 verbose install     'http-proxy',
6 verbose install     'jquery',
6 verbose install     'leapShell',
6 verbose install     'leapjs',
6 verbose install     'lodash.range',
6 verbose install     'node-jsx',
6 verbose install     'node-sass',
6 verbose install     'prop-types',
6 verbose install     'pui-css-all',
6 verbose install     'pui-css-backgrounds',
6 verbose install     'pui-css-box-shadows',
6 verbose install     'pui-css-buttons',
6 verbose install     'pui-css-collapse',
6 verbose install     'pui-css-grids',
6 verbose install     'pui-react-collapse',
6 verbose install     'pui-react-dividers',
6 verbose install     'pui-react-expander',
6 verbose install     'pui-react-flex-grids',
6 verbose install     'pui-react-grids',
6 verbose install     'pui-react-iconography',
6 verbose install     'pui-react-inputs',
6 verbose install     'pui-react-labels',
6 verbose install     'pui-react-panels',
6 verbose install     'pui-react-panes',
6 verbose install     'pui-react-svg',
6 verbose install     'react',
6 verbose install     'react-dom',
6 verbose install     'react-grid-layout',
6 verbose install     'react-hot-loader',
6 verbose install     'react-motion',
6 verbose install     'react-redux',
6 verbose install     'react-responsive-carousel',
6 verbose install     'react-router',
6 verbose install     'react-router-dom',
6 verbose install     'react-swipe-views',
6 verbose install     'react-swipeable-views',
6 verbose install     'react-touch-screen-keyboard',
6 verbose install     'redux',
6 verbose install     'sass-loader',
6 verbose install     'socket.io',
6 verbose install     'socket.io-client',
6 verbose install     'socket.io-redis',
6 verbose install     'style-loader',
6 verbose install     'svg-loader',
6 verbose install     'systeminformation',
6 verbose install     'tracking',
6 verbose install     'webdav',
6 verbose install     'webpack',
6 verbose install     'zingtouch',
6 verbose install     'babel-plugin-transform-class-properties',
6 verbose install     'babel-plugin-transform-flow-strip-types',
6 verbose install     'babel-preset-stage-1',
6 verbose install     'bootstrap',
6 verbose install     'docdash',
6 verbose install     'electron',
6 verbose install     'file-loader',
6 verbose install     'flow-bin',
6 verbose install     'image-webpack-loader',
6 verbose install     'nodemon',
6 verbose install     'react-styleguidist',
6 verbose install     'react-svg-loader',
6 verbose install     'svg-inline-loader',
6 verbose install     'svg-react-loader',
6 verbose install     'webpack-dev-middleware',
6 verbose install     'webpack-dev-server',
6 verbose install     'webpack-hot-middleware' ] ]
7 info preinstall motion_socket@0.1.0
8 warn package.json flow-bin@0.48.0 No README data
9 warn package.json react-swipeable-views@0.12.5 No README data
10 warn package.json zingtouch@1.0.5 No repository field.
11 verbose readDependencies using package.json deps
12 verbose already installed skipping google-auth-library@^0.10.0 /home/pi/Public/www/WireSense
13 verbose already installed skipping css-loader@^0.23.1 /home/pi/Public/www/WireSense
14 verbose already installed skipping googleapis@^20.1.0 /home/pi/Public/www/WireSense
15 verbose already installed skipping express@^4.13.4 /home/pi/Public/www/WireSense
16 verbose already installed skipping grommet@^1.5.0 /home/pi/Public/www/WireSense
17 verbose already installed skipping express-device@^0.4.2 /home/pi/Public/www/WireSense
18 verbose already installed skipping http-proxy@^1.16.2 /home/pi/Public/www/WireSense
19 verbose already installed skipping get-port@^3.1.0 /home/pi/Public/www/WireSense
20 verbose already installed skipping jquery@^3.2.1 /home/pi/Public/www/WireSense
21 verbose already installed skipping leapShell@^1.0.4 /home/pi/Public/www/WireSense
22 verbose already installed skipping leapjs@^0.6.4 /home/pi/Public/www/WireSense
23 verbose already installed skipping lodash.range@^3.2.0 /home/pi/Public/www/WireSense
24 verbose already installed skipping node-jsx@^0.13.3 /home/pi/Public/www/WireSense
25 verbose already installed skipping node-sass@^3.4.2 /home/pi/Public/www/WireSense
26 verbose already installed skipping prop-types@^15.5.10 /home/pi/Public/www/WireSense
27 verbose already installed skipping pui-css-all@^8.3.1 /home/pi/Public/www/WireSense
28 verbose already installed skipping pui-css-backgrounds@^8.3.0 /home/pi/Public/www/WireSense
29 verbose already installed skipping pui-css-box-shadows@^8.3.0 /home/pi/Public/www/WireSense
30 verbose already installed skipping pui-css-buttons@^8.3.1 /home/pi/Public/www/WireSense
31 verbose already installed skipping pui-css-collapse@^8.3.0 /home/pi/Public/www/WireSense
32 verbose already installed skipping pui-css-grids@^8.3.0 /home/pi/Public/www/WireSense
33 verbose already installed skipping pui-react-collapse@^8.3.0 /home/pi/Public/www/WireSense
34 verbose already installed skipping pui-react-dividers@^8.3.0 /home/pi/Public/www/WireSense
35 verbose already installed skipping pui-react-expander@^8.3.0 /home/pi/Public/www/WireSense
36 verbose already installed skipping pui-react-flex-grids@^8.3.0 /home/pi/Public/www/WireSense
37 verbose already installed skipping pui-react-grids@^8.3.0 /home/pi/Public/www/WireSense
38 verbose already installed skipping pui-react-iconography@^8.3.0 /home/pi/Public/www/WireSense
39 verbose already installed skipping pui-react-inputs@^8.3.1 /home/pi/Public/www/WireSense
40 verbose already installed skipping pui-react-labels@^8.3.1 /home/pi/Public/www/WireSense
41 verbose already installed skipping pui-react-panels@^8.3.1 /home/pi/Public/www/WireSense
42 verbose already installed skipping pui-react-panes@^8.3.1 /home/pi/Public/www/WireSense
43 verbose already installed skipping pui-react-svg@^8.3.0 /home/pi/Public/www/WireSense
44 verbose already installed skipping react@^15.6.1 /home/pi/Public/www/WireSense
45 verbose already installed skipping react-dom@^15.6.1 /home/pi/Public/www/WireSense
46 verbose already installed skipping react-grid-layout@^0.14.6 /home/pi/Public/www/WireSense
47 verbose already installed skipping react-hot-loader@^3.0.0-beta.7 /home/pi/Public/www/WireSense
48 verbose already installed skipping react-motion@^0.5.0 /home/pi/Public/www/WireSense
49 verbose already installed skipping react-redux@^5.0.5 /home/pi/Public/www/WireSense
50 verbose already installed skipping react-responsive-carousel@^3.1.24 /home/pi/Public/www/WireSense
51 verbose already installed skipping react-router@^4.1.1 /home/pi/Public/www/WireSense
52 verbose already installed skipping react-router-dom@^4.1.1 /home/pi/Public/www/WireSense
53 verbose already installed skipping react-swipe-views@0.0.12 /home/pi/Public/www/WireSense
54 verbose already installed skipping react-swipeable-views@^0.12.4 /home/pi/Public/www/WireSense
55 verbose already installed skipping react-touch-screen-keyboard@^0.1.14 /home/pi/Public/www/WireSense
56 verbose already installed skipping redux@^3.7.2 /home/pi/Public/www/WireSense
57 verbose already installed skipping sass-loader@^3.2.0 /home/pi/Public/www/WireSense
58 verbose already installed skipping socket.io@^1.4.6 /home/pi/Public/www/WireSense
59 verbose already installed skipping socket.io-client@^2.0.3 /home/pi/Public/www/WireSense
60 verbose already installed skipping socket.io-redis@^5.1.0 /home/pi/Public/www/WireSense
61 verbose already installed skipping style-loader@^0.13.2 /home/pi/Public/www/WireSense
62 verbose already installed skipping svg-loader@0.0.2 /home/pi/Public/www/WireSense
63 verbose already installed skipping systeminformation@^3.23.7 /home/pi/Public/www/WireSense
64 verbose already installed skipping tracking@^1.1.3 /home/pi/Public/www/WireSense
65 verbose already installed skipping webdav@^1.0.0-rc1 /home/pi/Public/www/WireSense
66 verbose already installed skipping webpack@^1.15.0 /home/pi/Public/www/WireSense
67 verbose already installed skipping zingtouch@^1.0.5 /home/pi/Public/www/WireSense
68 verbose already installed skipping babel-plugin-transform-class-properties@^6.24.1 /home/pi/Public/www/WireSense
69 verbose already installed skipping babel-plugin-transform-flow-strip-types@^6.22.0 /home/pi/Public/www/WireSense
70 verbose already installed skipping babel-preset-stage-1@^6.24.1 /home/pi/Public/www/WireSense
71 verbose already installed skipping bootstrap@^3.3.7 /home/pi/Public/www/WireSense
72 verbose already installed skipping docdash@^0.4.0 /home/pi/Public/www/WireSense
73 verbose cache add [ 'electron@^1.6.11', null ]
74 verbose cache add name=undefined spec="electron@^1.6.11" args=["electron@^1.6.11",null]
75 verbose parsed url { protocol: null,
75 verbose parsed url   slashes: null,
75 verbose parsed url   auth: null,
75 verbose parsed url   host: null,
75 verbose parsed url   port: null,
75 verbose parsed url   hostname: null,
75 verbose parsed url   hash: null,
75 verbose parsed url   search: null,
75 verbose parsed url   query: null,
75 verbose parsed url   pathname: 'electron@^1.6.11',
75 verbose parsed url   path: 'electron@^1.6.11',
75 verbose parsed url   href: 'electron@^1.6.11' }
76 verbose already installed skipping file-loader@^0.11.2 /home/pi/Public/www/WireSense
77 verbose already installed skipping flow-bin@^0.48.0 /home/pi/Public/www/WireSense
78 verbose already installed skipping image-webpack-loader@^3.3.1 /home/pi/Public/www/WireSense
79 verbose already installed skipping nodemon@^1.11.0 /home/pi/Public/www/WireSense
80 verbose already installed skipping react-styleguidist@^5.4.4 /home/pi/Public/www/WireSense
81 verbose already installed skipping react-svg-loader@^1.1.1 /home/pi/Public/www/WireSense
82 verbose already installed skipping svg-inline-loader@^0.7.1 /home/pi/Public/www/WireSense
83 verbose already installed skipping svg-react-loader@^0.4.3 /home/pi/Public/www/WireSense
84 verbose already installed skipping webpack-dev-middleware@^1.6.1 /home/pi/Public/www/WireSense
85 verbose already installed skipping webpack-dev-server@^1.14.1 /home/pi/Public/www/WireSense
86 verbose already installed skipping webpack-hot-middleware@^2.10.0 /home/pi/Public/www/WireSense
87 verbose cache add name="electron" spec="^1.6.11" args=["electron","^1.6.11"]
88 verbose parsed url { protocol: null,
88 verbose parsed url   slashes: null,
88 verbose parsed url   auth: null,
88 verbose parsed url   host: null,
88 verbose parsed url   port: null,
88 verbose parsed url   hostname: null,
88 verbose parsed url   hash: null,
88 verbose parsed url   search: null,
88 verbose parsed url   query: null,
88 verbose parsed url   pathname: '^1.6.11',
88 verbose parsed url   path: '^1.6.11',
88 verbose parsed url   href: '^1.6.11' }
89 verbose addNamed [ 'electron', '^1.6.11' ]
90 verbose addNamed [ null, '>=1.6.11-0 <2.0.0-0' ]
91 verbose already installed skipping babel-core@^6.7.6 /home/pi/Public/www/WireSense
92 verbose already installed skipping babel-loader@^6.4.1 /home/pi/Public/www/WireSense
93 verbose already installed skipping babel-polyfill@^6.23.0 /home/pi/Public/www/WireSense
94 verbose already installed skipping babel-preset-es2015@^6.6.0 /home/pi/Public/www/WireSense
95 verbose already installed skipping babel-preset-react@^6.5.0 /home/pi/Public/www/WireSense
96 verbose already installed skipping chalk@^2.0.1 /home/pi/Public/www/WireSense
97 silly lockFile d8b6b73c-electron-1-6-11 electron@^1.6.11
98 verbose lock electron@^1.6.11 /home/pi/.npm/d8b6b73c-electron-1-6-11.lock
99 silly addNameRange { name: 'electron',
99 silly addNameRange   range: '>=1.6.11-0 <2.0.0-0',
99 silly addNameRange   hasData: false }
100 verbose request where is /electron
101 verbose request registry https://registry.npmjs.org/
102 verbose request id 7904319c8c7a94ab
103 verbose url raw /electron
104 verbose url resolving [ 'https://registry.npmjs.org/', './electron' ]
105 verbose url resolved https://registry.npmjs.org/electron
106 verbose request where is https://registry.npmjs.org/electron
107 info trying registry request attempt 1 at 03:17:53
108 verbose etag W/"59806b08-1b8b2"
109 http GET https://registry.npmjs.org/electron
110 http 304 https://registry.npmjs.org/electron
111 silly registry.get cb [ 304,
111 silly registry.get   { date: 'Thu, 03 Aug 2017 01:17:53 GMT',
111 silly registry.get     via: '1.1 varnish',
111 silly registry.get     'cache-control': 'max-age=300',
111 silly registry.get     etag: 'W/"59806b08-1b8b2"',
111 silly registry.get     age: '61',
111 silly registry.get     connection: 'keep-alive',
111 silly registry.get     'x-served-by': 'cache-hhn1521-HHN',
111 silly registry.get     'x-cache': 'HIT',
111 silly registry.get     'x-cache-hits': '1',
111 silly registry.get     'x-timer': 'S1501723074.768628,VS0,VE0',
111 silly registry.get     vary: 'Accept-Encoding, Accept' } ]
112 verbose etag https://registry.npmjs.org/electron from cache
113 silly addNameRange number 2 { name: 'electron', range: '>=1.6.11-0 <2.0.0-0', hasData: true }
114 silly addNameRange versions [ 'electron',
114 silly addNameRange   [ '0.1.0',
114 silly addNameRange     '0.1.1',
114 silly addNameRange     '0.1.2',
114 silly addNameRange     '0.2.0',
114 silly addNameRange     '0.2.1',
114 silly addNameRange     '0.3.0',
114 silly addNameRange     '0.4.0',
114 silly addNameRange     '0.4.1',
114 silly addNameRange     '1.3.1',
114 silly addNameRange     '1.3.2',
114 silly addNameRange     '1.3.3',
114 silly addNameRange     '1.3.4',
114 silly addNameRange     '1.3.5',
114 silly addNameRange     '1.3.6',
114 silly addNameRange     '1.4.0',
114 silly addNameRange     '1.4.1',
114 silly addNameRange     '1.3.7',
114 silly addNameRange     '1.4.2',
114 silly addNameRange     '1.4.3',
114 silly addNameRange     '1.4.4',
114 silly addNameRange     '1.3.8',
114 silly addNameRange     '1.4.5',
114 silly addNameRange     '1.4.6',
114 silly addNameRange     '1.4.7',
114 silly addNameRange     '1.3.9',
114 silly addNameRange     '1.3.10',
114 silly addNameRange     '1.4.8',
114 silly addNameRange     '1.3.12',
114 silly addNameRange     '1.4.10',
114 silly addNameRange     '1.3.13',
114 silly addNameRange     '1.4.11',
114 silly addNameRange     '1.4.12',
114 silly addNameRange     '1.4.13',
114 silly addNameRange     '1.4.14',
114 silly addNameRange     '1.4.15',
114 silly addNameRange     '1.5.0',
114 silly addNameRange     '1.5.1',
114 silly addNameRange     '1.6.0',
114 silly addNameRange     '1.6.1',
114 silly addNameRange     '1.6.2',
114 silly addNameRange     '1.6.3',
114 silly addNameRange     '1.3.14',
114 silly addNameRange     '1.6.4',
114 silly addNameRange     '1.6.5',
114 silly addNameRange     '1.4.16',
114 silly addNameRange     '1.6.6',
114 silly addNameRange     '1.6.7',
114 silly addNameRange     '1.3.15',
114 silly addNameRange     '1.6.8',
114 silly addNameRange     '1.6.9',
114 silly addNameRange     '1.7.0',
114 silly addNameRange     '1.6.10',
114 silly addNameRange     '1.7.1',
114 silly addNameRange     '1.6.11',
114 silly addNameRange     '1.7.2',
114 silly addNameRange     '1.7.3',
114 silly addNameRange     '1.7.4',
114 silly addNameRange     '1.7.5' ] ]
115 verbose addNamed [ 'electron', '1.6.11' ]
116 verbose addNamed [ '1.6.11', '1.6.11' ]
117 silly lockFile ce07280e-electron-1-6-11 electron@1.6.11
118 verbose lock electron@1.6.11 /home/pi/.npm/ce07280e-electron-1-6-11.lock
119 silly lockFile ce07280e-electron-1-6-11 electron@1.6.11
120 silly lockFile ce07280e-electron-1-6-11 electron@1.6.11
121 silly lockFile d8b6b73c-electron-1-6-11 electron@^1.6.11
122 silly lockFile d8b6b73c-electron-1-6-11 electron@^1.6.11
123 silly resolved [ { name: 'electron',
123 silly resolved     version: '1.6.11',
123 silly resolved     description: 'Install prebuilt electron binaries for the command-line using npm',
123 silly resolved     repository:
123 silly resolved      { type: 'git',
123 silly resolved        url: 'git+https://github.com/electron-userland/electron-prebuilt.git' },
123 silly resolved     scripts:
123 silly resolved      { 'cache-clean': 'rm -rf ~/.electron && rm -rf dist',
123 silly resolved        postinstall: 'node install.js',
123 silly resolved        pretest: 'npm run cache-clean && npm run postinstall',
123 silly resolved        test: 'tape test/*.js && standard' },
123 silly resolved     bin: { electron: 'cli.js' },
123 silly resolved     main: 'index.js',
123 silly resolved     types: 'electron.d.ts',
123 silly resolved     dependencies:
123 silly resolved      { '@types/node': '^7.0.18',
123 silly resolved        'electron-download': '^3.0.1',
123 silly resolved        'extract-zip': '^1.0.3' },
123 silly resolved     devDependencies:
123 silly resolved      { 'home-path': '^0.1.1',
123 silly resolved        'path-exists': '^2.0.0',
123 silly resolved        standard: '^5.4.1',
123 silly resolved        tape: '^3.0.1' },
123 silly resolved     author: { name: 'Mathias Buus' },
123 silly resolved     license: 'MIT',
123 silly resolved     directories: { test: 'test' },
123 silly resolved     keywords: [ 'electron' ],
123 silly resolved     bugs: { url: 'https://github.com/electron-userland/electron-prebuilt/issues' },
123 silly resolved     homepage: 'https://github.com/electron-userland/electron-prebuilt#readme',
123 silly resolved     _id: 'electron@1.6.11',
123 silly resolved     _shasum: 'be79c0ebdcefedb5bf28117409800fa53baceffa',
123 silly resolved     _resolved: 'https://registry.npmjs.org/electron/-/electron-1.6.11.tgz',
123 silly resolved     _from: 'electron@^1.6.11',
123 silly resolved     _npmVersion: '2.15.9',
123 silly resolved     _nodeVersion: '2.2.1',
123 silly resolved     _npmUser: { name: 'electron', email: 'electron@github.com' },
123 silly resolved     maintainers:
123 silly resolved      [ [Object],
123 silly resolved        [Object],
123 silly resolved        [Object],
123 silly resolved        [Object],
123 silly resolved        [Object],
123 silly resolved        [Object],
123 silly resolved        [Object],
123 silly resolved        [Object] ],
123 silly resolved     dist:
123 silly resolved      { shasum: 'be79c0ebdcefedb5bf28117409800fa53baceffa',
123 silly resolved        tarball: 'https://registry.npmjs.org/electron/-/electron-1.6.11.tgz' },
123 silly resolved     _npmOperationalInternal:
123 silly resolved      { host: 's3://npm-registry-packages',
123 silly resolved        tmp: 'tmp/electron-1.6.11.tgz_1495741961316_0.8183757697697729' },
123 silly resolved     readme: 'ERROR: No README data found!' } ]
124 info install electron@1.6.11 into /home/pi/Public/www/WireSense
125 info installOne electron@1.6.11
126 verbose node_modules/electron unbuild
127 verbose tar unpack /home/pi/.npm/electron/1.6.11/package.tgz
128 silly lockFile 95adba43--WireSense-node-modules-electron tar:///home/pi/Public/www/WireSense/node_modules/electron
129 verbose lock tar:///home/pi/Public/www/WireSense/node_modules/electron /home/pi/.npm/95adba43--WireSense-node-modules-electron.lock
130 silly lockFile eeb6d6f3--npm-electron-1-6-11-package-tgz tar:///home/pi/.npm/electron/1.6.11/package.tgz
131 verbose lock tar:///home/pi/.npm/electron/1.6.11/package.tgz /home/pi/.npm/eeb6d6f3--npm-electron-1-6-11-package-tgz.lock
132 silly gunzTarPerm modes [ '755', '644' ]
133 silly gunzTarPerm extractEntry
134 silly gunzTarPerm modified mode [ '', 509, 493 ]
135 silly gunzTarPerm extractEntry .gitignore
136 silly gunzTarPerm modified mode [ '.gitignore', 436, 420 ]
137 silly gunzTarPerm extractEntry .npmignore
138 silly gunzTarPerm modified mode [ '.npmignore', 436, 420 ]
139 silly gunzTarPerm extractEntry .travis.yml
140 silly gunzTarPerm modified mode [ '.travis.yml', 436, 420 ]
141 silly gunzTarPerm extractEntry CONTRIBUTING.md
142 silly gunzTarPerm modified mode [ 'CONTRIBUTING.md', 436, 420 ]
143 silly gunzTarPerm extractEntry LICENSE
144 silly gunzTarPerm modified mode [ 'LICENSE', 436, 420 ]
145 silly gunzTarPerm extractEntry README.md
146 silly gunzTarPerm modified mode [ 'README.md', 436, 420 ]
147 silly gunzTarPerm extractEntry appveyor.yml
148 silly gunzTarPerm modified mode [ 'appveyor.yml', 436, 420 ]
149 silly gunzTarPerm extractEntry cli.js
150 silly gunzTarPerm modified mode [ 'cli.js', 509, 493 ]
151 silly gunzTarPerm extractEntry electron.d.ts
152 silly gunzTarPerm modified mode [ 'electron.d.ts', 436, 420 ]
153 silly gunzTarPerm extractEntry index.js
154 silly gunzTarPerm modified mode [ 'index.js', 436, 420 ]
155 silly gunzTarPerm extractEntry install.js
156 silly gunzTarPerm modified mode [ 'install.js', 509, 493 ]
157 silly gunzTarPerm extractEntry issue_template.md
158 silly gunzTarPerm modified mode [ 'issue_template.md', 436, 420 ]
159 silly gunzTarPerm extractEntry package.json
160 silly gunzTarPerm modified mode [ 'package.json', 436, 420 ]
161 silly gunzTarPerm extractEntry test/
162 silly gunzTarPerm modified mode [ 'test/', 509, 493 ]
163 silly gunzTarPerm extractEntry test/errors.js
164 silly gunzTarPerm modified mode [ 'test/errors.js', 436, 420 ]
165 silly gunzTarPerm extractEntry test/index.js
166 silly gunzTarPerm modified mode [ 'test/index.js', 436, 420 ]
167 silly lockFile 95adba43--WireSense-node-modules-electron tar:///home/pi/Public/www/WireSense/node_modules/electron
168 silly lockFile 95adba43--WireSense-node-modules-electron tar:///home/pi/Public/www/WireSense/node_modules/electron
169 silly lockFile eeb6d6f3--npm-electron-1-6-11-package-tgz tar:///home/pi/.npm/electron/1.6.11/package.tgz
170 silly lockFile eeb6d6f3--npm-electron-1-6-11-package-tgz tar:///home/pi/.npm/electron/1.6.11/package.tgz
171 info preinstall electron@1.6.11
172 verbose readDependencies using package.json deps
173 verbose readDependencies using package.json deps
174 verbose cache add [ '@types/node@^7.0.18', null ]
175 verbose cache add name=undefined spec="@types/node@^7.0.18" args=["@types/node@^7.0.18",null]
176 verbose parsed url { protocol: null,
176 verbose parsed url   slashes: null,
176 verbose parsed url   auth: null,
176 verbose parsed url   host: null,
176 verbose parsed url   port: null,
176 verbose parsed url   hostname: null,
176 verbose parsed url   hash: null,
176 verbose parsed url   search: null,
176 verbose parsed url   query: null,
176 verbose parsed url   pathname: '@types/node@^7.0.18',
176 verbose parsed url   path: '@types/node@^7.0.18',
176 verbose parsed url   href: '@types/node@^7.0.18' }
177 verbose cache add [ 'electron-download@^3.0.1', null ]
178 verbose cache add name=undefined spec="electron-download@^3.0.1" args=["electron-download@^3.0.1",null]
179 verbose parsed url { protocol: null,
179 verbose parsed url   slashes: null,
179 verbose parsed url   auth: null,
179 verbose parsed url   host: null,
179 verbose parsed url   port: null,
179 verbose parsed url   hostname: null,
179 verbose parsed url   hash: null,
179 verbose parsed url   search: null,
179 verbose parsed url   query: null,
179 verbose parsed url   pathname: 'electron-download@^3.0.1',
179 verbose parsed url   path: 'electron-download@^3.0.1',
179 verbose parsed url   href: 'electron-download@^3.0.1' }
180 verbose cache add name="" spec="types/node@^7.0.18" args=["","types/node@^7.0.18"]
181 verbose parsed url { protocol: null,
181 verbose parsed url   slashes: null,
181 verbose parsed url   auth: null,
181 verbose parsed url   host: null,
181 verbose parsed url   port: null,
181 verbose parsed url   hostname: null,
181 verbose parsed url   hash: null,
181 verbose parsed url   search: null,
181 verbose parsed url   query: null,
181 verbose parsed url   pathname: 'types/node@^7.0.18',
181 verbose parsed url   path: 'types/node@^7.0.18',
181 verbose parsed url   href: 'types/node@^7.0.18' }
182 verbose cache add name="electron-download" spec="^3.0.1" args=["electron-download","^3.0.1"]
183 verbose parsed url { protocol: null,
183 verbose parsed url   slashes: null,
183 verbose parsed url   auth: null,
183 verbose parsed url   host: null,
183 verbose parsed url   port: null,
183 verbose parsed url   hostname: null,
183 verbose parsed url   hash: null,
183 verbose parsed url   search: null,
183 verbose parsed url   query: null,
183 verbose parsed url   pathname: '^3.0.1',
183 verbose parsed url   path: '^3.0.1',
183 verbose parsed url   href: '^3.0.1' }
184 verbose addNamed [ 'electron-download', '^3.0.1' ]
185 verbose addNamed [ null, '>=3.0.1-0 <4.0.0-0' ]
186 silly lockFile 8d1cab67-electron-download-3-0-1 electron-download@^3.0.1
187 verbose lock electron-download@^3.0.1 /home/pi/.npm/8d1cab67-electron-download-3-0-1.lock
188 verbose cache add [ 'extract-zip@^1.0.3', null ]
189 verbose cache add name=undefined spec="extract-zip@^1.0.3" args=["extract-zip@^1.0.3",null]
190 verbose parsed url { protocol: null,
190 verbose parsed url   slashes: null,
190 verbose parsed url   auth: null,
190 verbose parsed url   host: null,
190 verbose parsed url   port: null,
190 verbose parsed url   hostname: null,
190 verbose parsed url   hash: null,
190 verbose parsed url   search: null,
190 verbose parsed url   query: null,
190 verbose parsed url   pathname: 'extract-zip@^1.0.3',
190 verbose parsed url   path: 'extract-zip@^1.0.3',
190 verbose parsed url   href: 'extract-zip@^1.0.3' }
191 verbose cache add name="types/node" spec="^7.0.18" args=["types/node","^7.0.18"]
192 verbose parsed url { protocol: null,
192 verbose parsed url   slashes: null,
192 verbose parsed url   auth: null,
192 verbose parsed url   host: null,
192 verbose parsed url   port: null,
192 verbose parsed url   hostname: null,
192 verbose parsed url   hash: null,
192 verbose parsed url   search: null,
192 verbose parsed url   query: null,
192 verbose parsed url   pathname: '^7.0.18',
192 verbose parsed url   path: '^7.0.18',
192 verbose parsed url   href: '^7.0.18' }
193 verbose addNamed [ 'types/node', '^7.0.18' ]
194 verbose addNamed [ null, '>=7.0.18-0 <8.0.0-0' ]
195 silly lockFile 2ebc17da-types-node-7-0-18 types/node@^7.0.18
196 verbose lock types/node@^7.0.18 /home/pi/.npm/2ebc17da-types-node-7-0-18.lock
197 verbose cache add name="extract-zip" spec="^1.0.3" args=["extract-zip","^1.0.3"]
198 verbose parsed url { protocol: null,
198 verbose parsed url   slashes: null,
198 verbose parsed url   auth: null,
198 verbose parsed url   host: null,
198 verbose parsed url   port: null,
198 verbose parsed url   hostname: null,
198 verbose parsed url   hash: null,
198 verbose parsed url   search: null,
198 verbose parsed url   query: null,
198 verbose parsed url   pathname: '^1.0.3',
198 verbose parsed url   path: '^1.0.3',
198 verbose parsed url   href: '^1.0.3' }
199 verbose addNamed [ 'extract-zip', '^1.0.3' ]
200 verbose addNamed [ null, '>=1.0.3-0 <2.0.0-0' ]
201 silly lockFile 9879f4ae-extract-zip-1-0-3 extract-zip@^1.0.3
202 verbose lock extract-zip@^1.0.3 /home/pi/.npm/9879f4ae-extract-zip-1-0-3.lock
203 silly addNameRange { name: 'electron-download',
203 silly addNameRange   range: '>=3.0.1-0 <4.0.0-0',
203 silly addNameRange   hasData: false }
204 silly addNameRange { name: 'types/node',
204 silly addNameRange   range: '>=7.0.18-0 <8.0.0-0',
204 silly addNameRange   hasData: false }
205 silly addNameRange { name: 'extract-zip',
205 silly addNameRange   range: '>=1.0.3-0 <2.0.0-0',
205 silly addNameRange   hasData: false }
206 verbose request where is /electron-download
207 verbose request registry https://registry.npmjs.org/
208 verbose url raw /electron-download
209 verbose url resolving [ 'https://registry.npmjs.org/', './electron-download' ]
210 verbose url resolved https://registry.npmjs.org/electron-download
211 verbose request where is https://registry.npmjs.org/electron-download
212 info trying registry request attempt 1 at 03:17:54
213 verbose etag W/"59616ea5-c0da"
214 http GET https://registry.npmjs.org/electron-download
215 verbose request where is /types/node
216 verbose request registry https://registry.npmjs.org/
217 verbose url raw /types/node
218 verbose url resolving [ 'https://registry.npmjs.org/', './types/node' ]
219 verbose url resolved https://registry.npmjs.org/types/node
220 verbose request where is https://registry.npmjs.org/types/node
221 info trying registry request attempt 1 at 03:17:54
222 http GET https://registry.npmjs.org/types/node
223 verbose request where is /extract-zip
224 verbose request registry https://registry.npmjs.org/
225 verbose url raw /extract-zip
226 verbose url resolving [ 'https://registry.npmjs.org/', './extract-zip' ]
227 verbose url resolved https://registry.npmjs.org/extract-zip
228 verbose request where is https://registry.npmjs.org/extract-zip
229 info trying registry request attempt 1 at 03:17:54
230 verbose etag W/"5906c353-636b"
231 http GET https://registry.npmjs.org/extract-zip
232 http 304 https://registry.npmjs.org/electron-download
233 silly registry.get cb [ 304,
233 silly registry.get   { date: 'Thu, 03 Aug 2017 01:17:54 GMT',
233 silly registry.get     via: '1.1 varnish',
233 silly registry.get     'cache-control': 'max-age=300',
233 silly registry.get     etag: 'W/"59616ea5-c0da"',
233 silly registry.get     age: '61',
233 silly registry.get     connection: 'keep-alive',
233 silly registry.get     'x-served-by': 'cache-hhn1545-HHN',
233 silly registry.get     'x-cache': 'HIT',
233 silly registry.get     'x-cache-hits': '1',
233 silly registry.get     'x-timer': 'S1501723074.402696,VS0,VE0',
233 silly registry.get     vary: 'Accept-Encoding, Accept' } ]
234 verbose etag https://registry.npmjs.org/electron-download from cache
235 silly addNameRange number 2 { name: 'electron-download',
235 silly addNameRange   range: '>=3.0.1-0 <4.0.0-0',
235 silly addNameRange   hasData: true }
236 silly addNameRange versions [ 'electron-download',
236 silly addNameRange   [ '1.0.0',
236 silly addNameRange     '1.0.1',
236 silly addNameRange     '1.0.2',
236 silly addNameRange     '1.0.3',
236 silly addNameRange     '1.0.4',
236 silly addNameRange     '1.0.5',
236 silly addNameRange     '1.0.6',
236 silly addNameRange     '1.0.7',
236 silly addNameRange     '1.0.8',
236 silly addNameRange     '1.1.0',
236 silly addNameRange     '1.2.0',
236 silly addNameRange     '1.3.0',
236 silly addNameRange     '1.4.0',
236 silly addNameRange     '1.4.1',
236 silly addNameRange     '2.0.0',
236 silly addNameRange     '2.1.0',
236 silly addNameRange     '2.1.1',
236 silly addNameRange     '2.1.2',
236 silly addNameRange     '2.2.0',
236 silly addNameRange     '2.2.1',
236 silly addNameRange     '3.0.0',
236 silly addNameRange     '3.0.1',
236 silly addNameRange     '3.0.2',
236 silly addNameRange     '3.1.0',
236 silly addNameRange     '3.2.0',
236 silly addNameRange     '3.3.0',
236 silly addNameRange     '4.0.0',
236 silly addNameRange     '4.1.0' ] ]
237 verbose addNamed [ 'electron-download', '3.3.0' ]
238 verbose addNamed [ '3.3.0', '3.3.0' ]
239 silly lockFile 176a5c80-electron-download-3-3-0 electron-download@3.3.0
240 verbose lock electron-download@3.3.0 /home/pi/.npm/176a5c80-electron-download-3-3-0.lock
241 http 304 https://registry.npmjs.org/extract-zip
242 silly registry.get cb [ 304,
242 silly registry.get   { date: 'Thu, 03 Aug 2017 01:17:54 GMT',
242 silly registry.get     via: '1.1 varnish',
242 silly registry.get     'cache-control': 'max-age=300',
242 silly registry.get     etag: 'W/"5906c353-636b"',
242 silly registry.get     age: '98',
242 silly registry.get     connection: 'keep-alive',
242 silly registry.get     'x-served-by': 'cache-hhn1523-HHN',
242 silly registry.get     'x-cache': 'HIT',
242 silly registry.get     'x-cache-hits': '2',
242 silly registry.get     'x-timer': 'S1501723074.424239,VS0,VE0',
242 silly registry.get     vary: 'Accept-Encoding, Accept' } ]
243 verbose etag https://registry.npmjs.org/extract-zip from cache
244 silly lockFile 176a5c80-electron-download-3-3-0 electron-download@3.3.0
245 silly lockFile 176a5c80-electron-download-3-3-0 electron-download@3.3.0
246 silly addNameRange number 2 { name: 'extract-zip',
246 silly addNameRange   range: '>=1.0.3-0 <2.0.0-0',
246 silly addNameRange   hasData: true }
247 silly addNameRange versions [ 'extract-zip',
247 silly addNameRange   [ '1.0.0',
247 silly addNameRange     '1.0.1',
247 silly addNameRange     '1.0.2',
247 silly addNameRange     '1.0.3',
247 silly addNameRange     '1.1.0',
247 silly addNameRange     '1.1.1',
247 silly addNameRange     '1.1.2',
247 silly addNameRange     '1.2.0',
247 silly addNameRange     '1.3.0',
247 silly addNameRange     '1.4.0',
247 silly addNameRange     '1.4.1',
247 silly addNameRange     '1.5.0',
247 silly addNameRange     '1.6.0',
247 silly addNameRange     '1.6.1',
247 silly addNameRange     '1.6.2',
247 silly addNameRange     '1.6.3',
247 silly addNameRange     '1.6.4',
247 silly addNameRange     '1.6.5' ] ]
248 verbose addNamed [ 'extract-zip', '1.6.5' ]
249 verbose addNamed [ '1.6.5', '1.6.5' ]
250 silly lockFile bd78b835-extract-zip-1-6-5 extract-zip@1.6.5
251 verbose lock extract-zip@1.6.5 /home/pi/.npm/bd78b835-extract-zip-1-6-5.lock
252 silly lockFile 8d1cab67-electron-download-3-0-1 electron-download@^3.0.1
253 silly lockFile 8d1cab67-electron-download-3-0-1 electron-download@^3.0.1
254 silly lockFile bd78b835-extract-zip-1-6-5 extract-zip@1.6.5
255 silly lockFile bd78b835-extract-zip-1-6-5 extract-zip@1.6.5
256 silly lockFile 9879f4ae-extract-zip-1-0-3 extract-zip@^1.0.3
257 silly lockFile 9879f4ae-extract-zip-1-0-3 extract-zip@^1.0.3
258 http 404 https://registry.npmjs.org/types/node
259 silly registry.get cb [ 404,
259 silly registry.get   { 'content-type': 'application/json',
259 silly registry.get     'cache-control': 'max-age=0',
259 silly registry.get     'content-length': '2',
259 silly registry.get     'accept-ranges': 'bytes',
259 silly registry.get     date: 'Thu, 03 Aug 2017 01:17:54 GMT',
259 silly registry.get     via: '1.1 varnish',
259 silly registry.get     age: '0',
259 silly registry.get     connection: 'keep-alive',
259 silly registry.get     'x-served-by': 'cache-hhn1520-HHN',
259 silly registry.get     'x-cache': 'MISS',
259 silly registry.get     'x-cache-hits': '0',
259 silly registry.get     'x-timer': 'S1501723074.410051,VS0,VE330',
259 silly registry.get     vary: 'Accept-Encoding' } ]
260 silly lockFile 2ebc17da-types-node-7-0-18 types/node@^7.0.18
261 silly lockFile 2ebc17da-types-node-7-0-18 types/node@^7.0.18
262 verbose about to build /home/pi/Public/www/WireSense/node_modules/electron
263 verbose node_modules/electron unbuild
264 info preuninstall electron@1.6.11
265 info uninstall electron@1.6.11
266 verbose true,/home/pi/Public/www/WireSense/node_modules,/home/pi/Public/www/WireSense/node_modules unbuild electron@1.6.11
267 verbose /home/pi/Public/www/WireSense/node_modules/.bin,[object Object] binRoot
268 info postuninstall electron@1.6.11
269 error 404 Not Found
269 error 404
269 error 404 'types/node' is not in the npm registry.
269 error 404 You should bug the author to publish it
269 error 404 It was specified as a dependency of 'electron'
269 error 404
269 error 404 Note that you can also install from a
269 error 404 tarball, folder, or http url, or git url.
270 error System Linux 4.9.35-v7+
271 error command "/usr/bin/nodejs" "/usr/bin/npm" "i"
272 error cwd /home/pi/Public/www/WireSense
273 error node -v v0.10.29
274 error npm -v 1.4.21
275 error code E404
276 verbose exit [ 1, true ]
